<?xml version="1.0" encoding="UTF-8"?>
<!-- Generated by org.testng.reporters.JUnitXMLReporter -->
<testsuite ignored="0" hostname="LAPTOP-FEFQTV48" failures="0" tests="4" name="Default test" time="1.171" errors="0" timestamp="2024-09-11T17:16:39 IST">
  <testcase classname="com.myntrajio.generic.commonlibrary.BaseTest" name="@BeforeClass browsersetup" time="-1.726055198815E9">
    <failure type="org.testng.TestNGException" message="
Parameter &amp;apos;browser&amp;apos; is required by BeforeClass on method browsersetup but has not been marked @Optional or defined
in C:\Users\durga\AppData\Local\Temp\testng-eclipse--52118176\testng-customsuite.xml">
      <![CDATA[org.testng.TestNGException: 
Parameter 'browser' is required by BeforeClass on method browsersetup but has not been marked @Optional or defined
in C:\Users\durga\AppData\Local\Temp\testng-eclipse--52118176\testng-customsuite.xml
at org.testng.internal.Parameters.createParams(Parameters.java:267)
at org.testng.internal.Parameters.createParametersForMethod(Parameters.java:355)
at org.testng.internal.Parameters.createParameters(Parameters.java:684)
at org.testng.internal.Parameters.createConfigurationParameters(Parameters.java:166)
at org.testng.internal.invokers.ConfigInvoker.invokeConfigurations(ConfigInvoker.java:277)
at org.testng.internal.invokers.TestMethodWorker.invokeBeforeClassMethods(TestMethodWorker.java:180)
at org.testng.internal.invokers.TestMethodWorker.run(TestMethodWorker.java:122)
at java.base/java.util.ArrayList.forEach(ArrayList.java:1511)
at org.testng.TestRunner.privateRun(TestRunner.java:829)
at org.testng.TestRunner.run(TestRunner.java:602)
at org.testng.SuiteRunner.runTest(SuiteRunner.java:437)
at org.testng.SuiteRunner.runSequentially(SuiteRunner.java:431)
at org.testng.SuiteRunner.privateRun(SuiteRunner.java:391)
at org.testng.SuiteRunner.run(SuiteRunner.java:330)
at org.testng.SuiteRunnerWorker.runSuite(SuiteRunnerWorker.java:52)
at org.testng.SuiteRunnerWorker.run(SuiteRunnerWorker.java:95)
at org.testng.TestNG.runSuitesSequentially(TestNG.java:1256)
at org.testng.TestNG.runSuitesLocally(TestNG.java:1176)
at org.testng.TestNG.runSuites(TestNG.java:1099)
at org.testng.TestNG.run(TestNG.java:1067)
at org.testng.remote.AbstractRemoteTestNG.run(AbstractRemoteTestNG.java:115)
at org.testng.remote.RemoteTestNG.initAndRun(RemoteTestNG.java:293)
at org.testng.remote.RemoteTestNG.main(RemoteTestNG.java:91)
]]>
    </failure>
  </testcase> <!-- @BeforeClass browsersetup -->
  <testcase classname="com.myntrajio.generic.commonlibrary.BaseTest" name="@BeforeMethod login" time="0.0">
    <skipped/>
  </testcase> <!-- @BeforeMethod login -->
  <testcase classname="com.myntrajio.generic.commonlibrary.BaseTest" name="@AfterMethod Logout" time="0.0">
    <skipped/>
  </testcase> <!-- @AfterMethod Logout -->
  <testcase classname="com.myntrajio.generic.commonlibrary.BaseTest" name="@BeforeMethod login" time="0.0">
    <skipped/>
  </testcase> <!-- @BeforeMethod login -->
  <testcase classname="com.myntrajio.generic.commonlibrary.BaseTest" name="@AfterMethod Logout" time="0.0">
    <skipped/>
  </testcase> <!-- @AfterMethod Logout -->
  <testcase classname="com.myntrajio.generic.commonlibrary.BaseTest" name="@BeforeMethod login" time="0.0">
    <skipped/>
  </testcase> <!-- @BeforeMethod login -->
  <testcase classname="com.myntrajio.generic.commonlibrary.BaseTest" name="@AfterMethod Logout" time="0.0">
    <skipped/>
  </testcase> <!-- @AfterMethod Logout -->
  <testcase classname="com.myntrajio.generic.commonlibrary.BaseTest" name="@BeforeMethod login" time="0.0">
    <skipped/>
  </testcase> <!-- @BeforeMethod login -->
  <testcase classname="com.myntrajio.generic.commonlibrary.BaseTest" name="@AfterMethod Logout" time="0.0">
    <skipped/>
  </testcase> <!-- @AfterMethod Logout -->
  <testcase classname="com.myntrajio.generic.commonlibrary.BaseTest" name="@AfterClass closebrowser" time="0.0">
    <skipped/>
  </testcase> <!-- @AfterClass closebrowser -->
  <testcase classname="com.myntrajio.RegisterTest.RegisterTest" name="registerValidData" time="0.001">
    <skipped/>
  </testcase> <!-- registerValidData -->
  <testcase classname="com.myntrajio.RegisterTest.RegisterTest" name="vaildRegisterButtonColor" time="0.0">
    <skipped/>
  </testcase> <!-- vaildRegisterButtonColor -->
  <testcase classname="com.myntrajio.RegisterTest.RegisterTest" name="vaildRegisterButtonPostion" time="0.001">
    <skipped/>
  </testcase> <!-- vaildRegisterButtonPostion -->
  <testcase classname="com.myntrajio.RegisterTest.RegisterTest" name="vaildRegisterButtonSize" time="0.0">
    <skipped/>
  </testcase> <!-- vaildRegisterButtonSize -->
</testsuite> <!-- Default test -->
